    _                _                      
   / \   ___ ___ ___| | ___ _ __ __ _ _   _ 
  / _ \ / __/ __/ _ \ |/ _ \ '__/ _` | | | |
 / ___ \ (_| (_|  __/ |  __/ | | (_| | |_| |
/_/   \_\___\___\___|_|\___|_|  \__, |\__, |
                                |___/ |___/ 

Info: generating outputs according to the following specified output flags... 
 Please use the -f flag to update the preference (default to all output files) 
{'ERT': 1, 'ERT_summary': 1, 'ART': 1, 'ART_summary': 1, 'energy_estimation': 1, 'flattened_arch': 1}
Info: config file located: /home/workspace/.config/accelergy/accelergy_config.yaml 
config file content: 
 {'version': 0.3, 'compound_components': [], 'estimator_plug_ins': ['/usr/local/share/accelergy/estimation_plug_ins'], 'primitive_components': ['/usr/local/share/accelergy/primitive_component_libs'], 'table_plug_ins': {'roots': ['/usr/local/share/accelergy/estimation_plug_ins/accelergy-table-based-plug-ins/set_of_table_templates']}}
Warn: Cannot recognize the top key "mapper" in file /home/workspace/final-project/example_designs/2bit_kmeans_output_stationary/mapper/mapper.yaml 
Warn: Cannot recognize the top key "architecture_constraints" in file /home/workspace/final-project/example_designs/2bit_kmeans_output_stationary/constraints/simple_output_stationary_arch_constraints.yaml 
Warn: Cannot recognize the top key "mapspace_constraints" in file /home/workspace/final-project/example_designs/2bit_kmeans_output_stationary/constraints/simple_output_stationary_map_constraints.yaml 
Warn: Cannot recognize the top key "problem" in file /home/workspace/final-project/example_designs/../layer_shapes/VGG01/VGG01_layer2.yaml 
Info: Parsing file /home/workspace/final-project/example_designs/2bit_kmeans_output_stationary/arch/simple_output_stationary.yaml for architecture info 
Info: Found non-numeric expression 45nm. Available bindings: {'technology': '45nm'} 
WARN: Failed to evaluate "45nm". Setting system.simple_os.technology="45nm". Available bindings: {'technology': '45nm'}
Info: Found non-numeric expression LPDDR4. Available bindings: {'type': 'LPDDR4', 'width': 64, 'block-size': 32, 'word-bits': 2} 
WARN: Failed to evaluate "LPDDR4". Setting variables.type="LPDDR4". Available bindings: {'name': 'DRAM', 'class': 'DRAM', 'attributes': {'type': 'LPDDR4', 'width': 64, 'block-size': 32, 'word-bits': 2}}
Info: Parsing file /home/workspace/final-project/example_designs/2bit_kmeans_output_stationary/arch/components/reg_storage.yaml for compound_components info 
Info: Parsing file /home/workspace/final-project/example_designs/2bit_kmeans_output_stationary/arch/components/smartbuffer_RF.yaml for compound_components info 
Info: Parsing file /home/workspace/final-project/example_designs/2bit_kmeans_output_stationary/arch/components/smartbuffer_SRAM.yaml for compound_components info 
Warn: Redefined compound component class smartbuffer_SRAM in file /home/workspace/final-project/example_designs/2bit_kmeans_output_stationary/arch/components/smartbuffer_SRAM.yaml 
Info: primitive component file parsed:  /usr/local/share/accelergy/primitive_component_libs/pim_primitive_component.lib.yaml 
Info: primitive component file parsed:  /usr/local/share/accelergy/primitive_component_libs/soc_primitives.lib.yaml 
Info: primitive component file parsed:  /usr/local/share/accelergy/primitive_component_libs/primitive_component.lib.yaml 
ERROR: class "smartbuffer_RF" is not defined 
