[  4] Utilization = 1.00 | pJ/Compute =   32.515 | L5[WIO] M2 - L4[] M8 Q14 C4 M16Y C16X - L3[W] C2 S3 R3 - L2[W] P56 Q4 - L1[I] Q1 - L0[O] Q1 
[  6] Utilization = 1.00 | pJ/Compute =   32.114 | L5[WIO] Q4 M2 - L4[] C2 M2 P7 M16Y C16X - L3[W] M4 C4 S3 R3 Q14 P8 - L2[W] Q1 - L1[I] Q1 - L0[O] Q1 
[  7] Utilization = 1.00 | pJ/Compute =   31.978 | L5[WIO] M16 P14 - L4[] Q1 M16Y C16X - L3[W] C8 S3 R3 Q28 P4 - L2[W] Q2 - L1[I] Q1 - L0[O] Q1 
[  7] Utilization = 1.00 | pJ/Compute =   26.230 | L5[WIO] M16 P14 - L4[I] Q1 M16Y C16X - L3[W] C8 S3 R3 Q28 P4 - L2[W] Q2 - L1[I] Q1 - L0[O] Q1 
[  3] Utilization = 1.00 | pJ/Compute =   32.515 | L5[WIO] C8 P14 M8 - L4[] M2 M16Y C16X - L3[W] S3 R3 Q28 P4 - L2[W] Q2 - L1[I] Q1 - L0[O] Q1 
[  3] Utilization = 1.00 | pJ/Compute =   25.773 | L5[WIO] C8 P14 M8 - L4[I] M2 M16Y C16X - L3[W] S3 R3 Q28 P4 - L2[W] Q2 - L1[I] Q1 - L0[O] Q1 
[  5] Utilization = 1.00 | pJ/Compute =   32.515 | L5[WIO] M2 - L4[] M8 Q14 C8 M16Y C16X - L3[W] S3 R3 - L2[W] P56 Q4 - L1[I] Q1 - L0[O] Q1 
[  2] Utilization = 1.00 | pJ/Compute =   32.515 | L5[WIO] M2 - L4[] M8 Q14 C2 M16Y C16X - L3[W] C4 S3 R3 - L2[W] P56 Q4 - L1[I] Q1 - L0[O] Q1 
[  4] Utilization = 1.00 | pJ/Compute =   31.978 | L5[WIO] M2 - L4[] M8 C4 Q14 M16Y C16X - L3[W] C2 S3 R3 - L2[W] P56 Q4 - L1[I] Q1 - L0[O] Q1 
[  7] Utilization = 1.00 | pJ/Compute =   25.773 | L5[WIO] P14 M16 - L4[I] Q1 M16Y C16X - L3[W] C8 S3 R3 Q28 P4 - L2[W] Q2 - L1[I] Q1 - L0[O] Q1 
[  1] Utilization = 1.00 | pJ/Compute =   32.515 | L5[WIO] C4 P14 M8 - L4[] M2 M16Y C16X - L3[W] C2 S3 R3 Q28 P4 - L2[W] Q2 - L1[I] Q1 - L0[O] Q1 
[  1] Utilization = 1.00 | pJ/Compute =   25.773 | L5[WIO] C4 P14 M8 - L4[I] M2 M16Y C16X - L3[W] C2 S3 R3 Q28 P4 - L2[W] Q2 - L1[I] Q1 - L0[O] Q1 
[  5] Utilization = 1.00 | pJ/Compute =   31.978 | L5[WIO] M2 - L4[] M8 C8 Q14 M16Y C16X - L3[W] S3 R3 - L2[W] P56 Q4 - L1[I] Q1 - L0[O] Q1 
[  2] Utilization = 1.00 | pJ/Compute =   31.978 | L5[WIO] M2 - L4[] M8 C2 Q14 M16Y C16X - L3[W] C4 S3 R3 - L2[W] P56 Q4 - L1[I] Q1 - L0[O] Q1 
[  0] Utilization = 1.00 | pJ/Compute =   33.274 | L5[WIO] P4 Q8 M2 - L4[] M2 C4 M16Y C16X - L3[W] M4 C2 S3 R3 Q7 - L2[W] P14 - L1[I] Q1 - L0[O] Q1 
[  0] Utilization = 1.00 | pJ/Compute =   26.526 | L5[WIO] P4 Q8 M2 - L4[I] M2 C4 M16Y C16X - L3[W] M4 C2 S3 R3 Q7 - L2[W] P14 - L1[I] Q1 - L0[O] Q1 
[  4] Utilization = 1.00 | pJ/Compute =   26.526 | L5[WIO] Q8 C2 P4 M2 - L4[I] M2 M16Y C16X - L3[W] C4 M4 S3 R3 Q7 - L2[W] P14 - L1[I] Q1 - L0[O] Q1 
[  2] Utilization = 1.00 | pJ/Compute =   25.773 | L5[WIO] P14 C4 M8 - L4[I] C2 M2 M16Y C16X - L3[W] S3 R3 Q28 P4 - L2[W] Q2 - L1[I] Q1 - L0[O] Q1 
[  5] Utilization = 1.00 | pJ/Compute =   26.863 | L5[WIO] C4 M4 P4 - L4[I] Q8 M4 P7 M16Y C16X - L3[W] C2 S3 R3 P2 - L2[W] Q7 - L1[I] Q1 - L0[O] Q1 
[  5] Utilization = 1.00 | pJ/Compute =   26.697 | L5[WIO] C4 M4 P4 - L4[I] P7 M4 Q8 M16Y C16X - L3[W] C2 S3 R3 P2 - L2[W] Q7 - L1[I] Q1 - L0[O] Q1 
[  6] Utilization = 1.00 | pJ/Compute =   26.620 | L5[WIO] P4 M2 Q8 C2 - L4[I] M2 C2 M16Y C16X - L3[W] C2 M4 S3 R3 Q7 - L2[W] P14 - L1[I] Q1 - L0[O] Q1 
[  5] Utilization = 1.00 | pJ/Compute =   25.734 | L5[WIO] M4 P4 C4 - L4[I] M4 Q8 P7 M16Y C16X - L3[W] C2 S3 R3 P2 - L2[W] Q7 - L1[I] Q1 - L0[O] Q1 
[  6] Utilization = 1.00 | pJ/Compute =   26.526 | L5[WIO] C2 P4 Q8 M2 - L4[I] M2 C2 M16Y C16X - L3[W] C2 M4 S3 R3 Q7 - L2[W] P14 - L1[I] Q1 - L0[O] Q1 
[  5] Utilization = 1.00 | pJ/Compute =   25.706 | L5[WIO] M4 C4 P4 - L4[I] M4 Q8 P7 M16Y C16X - L3[W] C2 S3 R3 P2 - L2[W] Q7 - L1[I] Q1 - L0[O] Q1 
[  4] Utilization = 1.00 | pJ/Compute =   26.013 | L5[WIO] M8 Q4 C2 - L4[I] M2 Q7 P7 M16Y C16X - L3[W] C4 S3 R3 Q2 - L2[W] P8 - L1[I] Q1 - L0[O] Q1 
[  4] Utilization = 1.00 | pJ/Compute =   25.956 | L5[WIO] M8 C2 Q4 - L4[I] M2 Q7 P7 M16Y C16X - L3[W] C4 S3 R3 Q2 - L2[W] P8 - L1[I] Q1 - L0[O] Q1 
[  0] Utilization = 1.00 | pJ/Compute =   25.734 | L5[WIO] P4 M4 C2 - L4[I] M4 Q8 P7 M16Y C16X - L3[W] C4 S3 R3 P2 - L2[W] Q7 - L1[I] Q1 - L0[O] Q1 
[  3] Utilization = 1.00 | pJ/Compute =   25.508 | L5[WIO] C2 P4 M4 - L4[I] C4 M4 Q8 P7 M16Y C16X - L3[W] S3 R3 P2 - L2[W] Q7 - L1[I] Q1 - L0[O] Q1 
[  1] Utilization = 1.00 | pJ/Compute =   25.422 | L5[WIO] M4 C4 Q28 - L4[I] Q1 M16Y C16X - L3[W] C2 M4 S3 R3 Q2 P56 - L2[W] Q1 - L1[I] Q1 - L0[O] Q1 
[  2] Utilization = 1.00 | pJ/Compute =   25.706 | L5[WIO] M4 C2 P4 - L4[I] C2 M4 Q8 P7 M16Y C16X - L3[W] C2 S3 R3 P2 - L2[W] Q7 - L1[I] Q1 - L0[O] Q1 
[  0] Utilization = 1.00 | pJ/Compute =   25.706 | L5[WIO] M4 C2 P4 - L4[I] M4 Q8 P7 M16Y C16X - L3[W] C4 S3 R3 P2 - L2[W] Q7 - L1[I] Q1 - L0[O] Q1 
[  0] Utilization = 1.00 | pJ/Compute =   25.508 | L5[WIO] P4 C2 M4 - L4[I] M4 P7 Q8 M16Y C16X - L3[W] C4 S3 R3 P2 - L2[W] Q7 - L1[I] Q1 - L0[O] Q1 
[  7] Utilization = 1.00 | pJ/Compute =   25.706 | L5[WIO] C8 M4 P4 - L4[I] M4 Q8 P7 M16Y C16X - L3[W] S3 R3 P2 - L2[W] Q7 - L1[I] Q1 - L0[O] Q1 
[  4] Utilization = 1.00 | pJ/Compute =   25.839 | L5[WIO] Q2 P7 M8 - L4[I] C4 Q2 P4 M16Y C16X - L3[W] M2 C2 S3 R3 Q2 P2 - L2[W] Q7 - L1[I] Q1 - L0[O] Q1 
[  6] Utilization = 1.00 | pJ/Compute =   26.477 | L5[WIO] Q4 C2 M8 - L4[I] C2 P7 M2 Q7 M16Y C16X - L3[W] C2 S3 R3 Q2 - L2[W] P8 - L1[I] Q1 - L0[O] Q1 
[  5] Utilization = 1.00 | pJ/Compute =   25.342 | L5[WIO] M2 C4 Q2 - L4[I] Q7 P7 M16Y C16X - L3[W] M8 C2 S3 R3 Q2 P2 - L2[W] P4 Q2 - L1[I] Q1 - L0[O] Q1 
[  7] Utilization = 1.00 | pJ/Compute =   25.388 | L5[WIO] M2 Q2 C8 - L4[I] P7 Q7 M16Y C16X - L3[W] M8 S3 R3 Q2 P2 - L2[W] P4 Q2 - L1[I] Q1 - L0[O] Q1 
[  7] Utilization = 1.00 | pJ/Compute =   25.342 | L5[WIO] C8 M2 Q2 - L4[I] Q7 P7 M16Y C16X - L3[W] M8 S3 R3 Q2 P2 - L2[W] Q2 P4 - L1[I] Q1 - L0[O] Q1 
[  6] Utilization = 1.00 | pJ/Compute =   25.706 | L5[WIO] M4 C4 P4 - L4[I] C2 M4 Q8 P7 M16Y C16X - L3[W] S3 R3 P2 - L2[W] Q7 - L1[I] Q1 - L0[O] Q1 
[  7] Utilization = 1.00 | pJ/Compute =   25.200 | L5[WIO] C8 - L4[I] Q4 P2 M16Y C16X - L3[W] M16 S3 R3 Q7 P7 - L2[W] P4 Q2 - L1[I] Q1 - L0[O] Q1 
[  4] Utilization = 1.00 | pJ/Compute =   25.759 | L5[WIO] Q7 P2 M8 - L4[I] C4 M16Y C16X - L3[W] M2 C2 S3 R3 P2 - L2[W] P14 Q8 - L1[I] Q1 - L0[O] Q1 
[  3] Utilization = 1.00 | pJ/Compute =   25.422 | L5[WIO] M4 C8 Q28 - L4[I] Q1 M16Y C16X - L3[W] M4 S3 R3 Q2 P56 - L2[W] Q1 - L1[I] Q1 - L0[O] Q1 
[  4] Utilization = 1.00 | pJ/Compute =   25.657 | L5[WIO] Q4 M2 P2 - L4[I] M8 C4 P2 Q7 M16Y C16X - L3[W] C2 S3 R3 Q2 P7 - L2[W] P2 - L1[I] Q1 - L0[O] Q1 
[  4] Utilization = 1.00 | pJ/Compute =   25.584 | L5[WIO] Q4 P2 M2 - L4[I] M8 C4 P2 Q7 M16Y C16X - L3[W] C2 S3 R3 Q2 P7 - L2[W] P2 - L1[I] Q1 - L0[O] Q1 
[  6] Utilization = 1.00 | pJ/Compute =   25.388 | L5[WIO] Q2 M2 C4 - L4[I] C2 Q7 P7 M16Y C16X - L3[W] M8 S3 R3 Q2 P2 - L2[W] P4 Q2 - L1[I] Q1 - L0[O] Q1 
[  6] Utilization = 1.00 | pJ/Compute =   25.317 | L5[WIO] C4 Q2 M2 - L4[I] C2 P7 Q7 M16Y C16X - L3[W] M8 S3 R3 Q2 P2 - L2[W] P4 Q2 - L1[I] Q1 - L0[O] Q1 
[  4] Utilization = 1.00 | pJ/Compute =   25.422 | L5[WIO] C2 M4 P7 - L4[I] P2 Q2 M16Y C16X - L3[W] C4 M4 S3 R3 Q2 P4 - L2[W] Q14 - L1[I] Q1 - L0[O] Q1 
[  5] Utilization = 1.00 | pJ/Compute =   25.310 | L5[WIO] Q2 M2 C4 - L4[I] M8 M16Y C16X - L3[W] C2 S3 R3 P28 - L2[W] P2 Q28 - L1[I] Q1 - L0[O] Q1 
[  5] Utilization = 1.00 | pJ/Compute =   25.239 | L5[WIO] C4 Q2 M2 - L4[I] M8 M16Y C16X - L3[W] C2 S3 R3 P28 - L2[W] P2 Q28 - L1[I] Q1 - L0[O] Q1 
[  3] Utilization = 1.00 | pJ/Compute =   21.796 | L5[WIO] P7 M8 Q14 - L4[] M2 Q4 P8 M16Y C16X - L3[W] C8 S3 R3 - L2[W] Q1 - L1[I] Q1 - L0[O] Q1 
[  3] Utilization = 1.00 | pJ/Compute =   18.703 | L5[WIO] P7 M8 Q14 - L4[W] M2 Q4 P8 M16Y C16X - L3[W] C8 S3 R3 - L2[W] Q1 - L1[I] Q1 - L0[O] Q1 
[  3] Utilization = 1.00 | pJ/Compute =   15.615 | L5[WIO] P7 M8 Q14 - L4[I] M2 Q4 P8 M16Y C16X - L3[W] C8 S3 R3 - L2[W] Q1 - L1[I] Q1 - L0[O] Q1 
[  0] Utilization = 1.00 | pJ/Compute =   25.461 | L5[WIO] C2 P7 M2 - L4[I] M8 M16Y C16X - L3[W] C4 S3 R3 Q2 - L2[W] Q28 P8 - L1[I] Q1 - L0[O] Q1 
[  3] Utilization = 1.00 | pJ/Compute =   15.074 | L5[WIO] P7 Q14 M8 - L4[I] M2 Q4 P8 M16Y C16X - L3[W] C8 S3 R3 - L2[W] Q1 - L1[I] Q1 - L0[O] Q1 
[  0] Utilization = 1.00 | pJ/Compute =   25.393 | L5[WIO] M2 C2 Q4 - L4[I] M8 Q2 M16Y C16X - L3[W] C4 S3 R3 P56 - L2[W] Q7 - L1[I] Q1 - L0[O] Q1 
[  0] Utilization = 1.00 | pJ/Compute =   25.331 | L5[WIO] Q4 C2 M2 - L4[I] M8 Q2 M16Y C16X - L3[W] C4 S3 R3 P56 - L2[W] Q7 - L1[I] Q1 - L0[O] Q1 
[  4] Utilization = 1.00 | pJ/Compute =   25.368 | L5[WIO] C2 P2 Q2 M2 - L4[I] M4 Q7 P2 M16Y C16X - L3[W] M2 C4 S3 R3 Q4 P2 - L2[W] P7 - L1[I] Q1 - L0[O] Q1 
[  1] Utilization = 1.00 | pJ/Compute =   25.328 | L5[WIO] Q4 C4 - L4[I] M8 M16Y C16X - L3[W] C2 M2 S3 R3 P28 - L2[W] Q14 P2 - L1[I] Q1 - L0[O] Q1 
[  2] Utilization = 1.00 | pJ/Compute =   25.657 | L5[WIO] M2 Q4 P2 - L4[I] M8 C2 Q7 P2 M16Y C16X - L3[W] C4 S3 R3 Q2 P7 - L2[W] P2 - L1[I] Q1 - L0[O] Q1 
[  6] Utilization = 1.00 | pJ/Compute =   22.032 | L5[WIO] M8 Q14 P7 - L4[] C2 M2 Q4 P8 M16Y C16X - L3[W] C4 S3 R3 - L2[W] Q1 - L1[I] Q1 - L0[O] Q1 
[  6] Utilization = 1.00 | pJ/Compute =   18.658 | L5[WIO] M8 Q14 P7 - L4[W] C2 M2 Q4 P8 M16Y C16X - L3[W] C4 S3 R3 - L2[W] Q1 - L1[I] Q1 - L0[O] Q1 
[  6] Utilization = 1.00 | pJ/Compute =   15.983 | L5[WIO] M8 Q14 P7 - L4[I] C2 M2 Q4 P8 M16Y C16X - L3[W] C4 S3 R3 - L2[W] Q1 - L1[I] Q1 - L0[O] Q1 
[  6] Utilization = 1.00 | pJ/Compute =   15.310 | L5[WIO] Q14 P7 M8 - L4[I] C2 M2 P8 Q4 M16Y C16X - L3[W] C4 S3 R3 - L2[W] Q1 - L1[I] Q1 - L0[O] Q1 
[  4] Utilization = 1.00 | pJ/Compute =   25.327 | L5[WIO] C2 Q2 P2 - L4[I] M8 Q2 M16Y C16X - L3[W] C4 M2 S3 R3 Q2 P2 - L2[W] P14 Q7 - L1[I] Q1 - L0[O] Q1 
[  2] Utilization = 1.00 | pJ/Compute =   25.516 | L5[WIO] M2 C2 P7 - L4[I] M8 C2 M16Y C16X - L3[W] C2 S3 R3 Q2 - L2[W] P8 Q28 - L1[I] Q1 - L0[O] Q1 
[  2] Utilization = 1.00 | pJ/Compute =   25.461 | L5[WIO] P7 C2 M2 - L4[I] C2 M8 M16Y C16X - L3[W] C2 S3 R3 Q2 - L2[W] Q28 P8 - L1[I] Q1 - L0[O] Q1 
[  1] Utilization = 1.00 | pJ/Compute =   25.239 | L5[WIO] P2 C4 M2 - L4[I] M2 M16Y C16X - L3[W] C2 M4 S3 R3 Q56 P28 - L2[W] Q1 - L1[I] Q1 - L0[O] Q1 
[  2] Utilization = 1.00 | pJ/Compute =   25.393 | L5[WIO] M2 C2 Q4 - L4[I] M8 C2 Q2 M16Y C16X - L3[W] C2 S3 R3 P56 - L2[W] Q7 - L1[I] Q1 - L0[O] Q1 
[  2] Utilization = 1.00 | pJ/Compute =   25.321 | L5[WIO] C4 Q4 - L4[I] M8 C2 M16Y C16X - L3[W] M2 S3 R3 P28 - L2[W] Q14 P2 - L1[I] Q1 - L0[O] Q1 
[  2] Utilization = 1.00 | pJ/Compute =   25.239 | L5[WIO] P2 C4 M2 - L4[I] C2 M2 M16Y C16X - L3[W] M4 S3 R3 Q56 P28 - L2[W] Q1 - L1[I] Q1 - L0[O] Q1 
[  5] Utilization = 1.00 | pJ/Compute =   20.719 | L5[WIO] P4 M2 Q8 - L4[] C8 M8 Q7 P14 M16Y C16X - L3[W] S3 R3 - L2[W] Q1 - L1[I] Q1 - L0[O] Q1 
[  5] Utilization = 1.00 | pJ/Compute =   14.029 | L5[WIO] P4 M2 Q8 - L4[I] C8 M8 Q7 P14 M16Y C16X - L3[W] S3 R3 - L2[W] Q1 - L1[I] Q1 - L0[O] Q1 
[  0] Utilization = 1.00 | pJ/Compute =   20.768 | L5[WIO] Q56 - L4[] C4 M4 P56 M16Y C16X - L3[W] M4 C2 S3 R3 - L2[W] Q1 - L1[I] Q1 - L0[O] Q1 
[  0] Utilization = 1.00 | pJ/Compute =   13.995 | L5[WIO] Q56 - L4[I] C4 M4 P56 M16Y C16X - L3[W] M4 C2 S3 R3 - L2[W] Q1 - L1[I] Q1 - L0[O] Q1 
[  1] Utilization = 1.00 | pJ/Compute =   21.711 | L5[WIO] Q56 - L4[] C8 M4 P56 M16Y C16X - L3[W] M4 S3 R3 - L2[W] Q1 - L1[I] Q1 - L0[O] Q1 
[  1] Utilization = 1.00 | pJ/Compute =   14.938 | L5[WIO] Q56 - L4[I] C8 M4 P56 M16Y C16X - L3[W] M4 S3 R3 - L2[W] Q1 - L1[I] Q1 - L0[O] Q1 
[  0] Utilization = 1.00 | pJ/Compute =   12.262 | L5[WIO] Q2 P7 - L4[I] C4 M4 Q28 P8 M16Y C16X - L3[W] M4 C2 S3 R3 - L2[W] Q1 - L1[I] Q1 - L0[O] Q1 
[  3] STATEMENT: 3000 suboptimal mappings found since the last upgrade, terminating search.
[  4] Utilization = 1.00 | pJ/Compute =   21.711 | L5[WIO] Q56 C2 - L4[] M4 P56 M16Y C16X - L3[W] C4 M4 S3 R3 - L2[W] Q1 - L1[I] Q1 - L0[O] Q1 
[  4] Utilization = 1.00 | pJ/Compute =   15.068 | L5[WIO] Q56 C2 - L4[I] M4 P56 M16Y C16X - L3[W] C4 M4 S3 R3 - L2[W] Q1 - L1[I] Q1 - L0[O] Q1 
[  4] Utilization = 1.00 | pJ/Compute =   13.653 | L5[WIO] Q56 C2 - L4[I] M4 P56 M16Y C16X - L3[W] M4 C4 S3 R3 - L2[W] Q1 - L1[I] Q1 - L0[O] Q1 
[  4] Utilization = 1.00 | pJ/Compute =   13.523 | L5[WIO] C2 Q56 - L4[I] M4 P56 M16Y C16X - L3[W] M4 C4 S3 R3 - L2[W] Q1 - L1[I] Q1 - L0[O] Q1 
[  7] STATEMENT: 3000 suboptimal mappings found since the last upgrade, terminating search.
[  4] Utilization = 1.00 | pJ/Compute =   13.086 | L5[WIO] P4 M2 Q8 - L4[I] M8 C4 Q7 P14 M16Y C16X - L3[W] C2 S3 R3 - L2[W] Q1 - L1[I] Q1 - L0[O] Q1 
[  1] Utilization = 1.00 | pJ/Compute =   13.205 | L5[WIO] Q2 P7 - L4[I] M4 C8 P8 Q28 M16Y C16X - L3[W] M4 S3 R3 - L2[W] Q1 - L1[I] Q1 - L0[O] Q1 
[  4] Utilization = 1.00 | pJ/Compute =   11.790 | L5[WIO] Q2 C2 P7 - L4[I] M4 P8 Q28 M16Y C16X - L3[W] M4 C4 S3 R3 - L2[W] Q1 - L1[I] Q1 - L0[O] Q1 
[  5] STATEMENT: 3000 suboptimal mappings found since the last upgrade, terminating search.
[  6] STATEMENT: 3000 suboptimal mappings found since the last upgrade, terminating search.
[  2] Utilization = 1.00 | pJ/Compute =   19.305 | L5[WIO] M2 P4 Q8 - L4[] M8 C2 P14 Q7 M16Y C16X - L3[W] C4 S3 R3 - L2[W] Q1 - L1[I] Q1 - L0[O] Q1 
[  2] Utilization = 1.00 | pJ/Compute =   12.614 | L5[WIO] M2 P4 Q8 - L4[I] M8 C2 P14 Q7 M16Y C16X - L3[W] C4 S3 R3 - L2[W] Q1 - L1[I] Q1 - L0[O] Q1 
[  2] Utilization = 1.00 | pJ/Compute =   12.557 | L5[WIO] Q8 P4 M2 - L4[I] C2 M8 Q7 P14 M16Y C16X - L3[W] C4 S3 R3 - L2[W] Q1 - L1[I] Q1 - L0[O] Q1 
[  0] STATEMENT: 3000 suboptimal mappings found since the last upgrade, terminating search.
[  1] STATEMENT: 3000 suboptimal mappings found since the last upgrade, terminating search.
[  4] STATEMENT: 3000 suboptimal mappings found since the last upgrade, terminating search.
[  2] STATEMENT: 3000 suboptimal mappings found since the last upgrade, terminating search.
