[  0] Utilization = 1.00 | pJ/Compute =   24.550 | L6[WIO] M2 C4 - L5[] C4 Q7 M16 M16Y C16X - L4[W] R3 P7 - L3[] P2 C2 S3 - L2[W] Q2 - L1[I] Q1 - L0[O] Q1 
[  0] Utilization = 1.00 | pJ/Compute =   24.137 | L6[WIO] M2 C4 - L5[] C4 Q7 M16 M16Y C16X - L4[W] R3 P7 - L3[W] P2 C2 S3 - L2[W] Q2 - L1[I] Q1 - L0[O] Q1 
[  5] Utilization = 1.00 | pJ/Compute =   22.491 | L6[WIO] C8 M2 - L5[] M16 Q7 M16Y C16X - L4[W] R3 P7 - L3[] P2 C4 S3 - L2[W] Q2 - L1[I] Q1 - L0[O] Q1 
[  5] Utilization = 1.00 | pJ/Compute =   22.078 | L6[WIO] C8 M2 - L5[] M16 Q7 M16Y C16X - L4[W] R3 P7 - L3[W] P2 C4 S3 - L2[W] Q2 - L1[I] Q1 - L0[O] Q1 
[  7] Utilization = 1.00 | pJ/Compute =   22.491 | L6[WIO] C8 M2 - L5[] M16 Q7 M16Y C16X - L4[W] C2 R3 P7 - L3[] P2 C2 S3 - L2[W] Q2 - L1[I] Q1 - L0[O] Q1 
[  7] Utilization = 1.00 | pJ/Compute =   22.078 | L6[WIO] C8 M2 - L5[] M16 Q7 M16Y C16X - L4[W] C2 R3 P7 - L3[W] P2 C2 S3 - L2[W] Q2 - L1[I] Q1 - L0[O] Q1 
[  5] Utilization = 1.00 | pJ/Compute =   19.421 | L6[WIO] C8 M2 - L5[] M16 Q7 M16Y C16X - L4[W] R3 P7 - L3[O] P2 C4 S3 - L2[W] Q2 - L1[I] Q1 - L0[O] Q1 
[  5] Utilization = 1.00 | pJ/Compute =   19.008 | L6[WIO] C8 M2 - L5[] M16 Q7 M16Y C16X - L4[W] R3 P7 - L3[WO] P2 C4 S3 - L2[W] Q2 - L1[I] Q1 - L0[O] Q1 
[  2] Utilization = 1.00 | pJ/Compute =   24.550 | L6[WIO] C4 M2 - L5[] C8 Q7 M16 M16Y C16X - L4[W] R3 P7 - L3[] P2 S3 - L2[W] Q2 - L1[I] Q1 - L0[O] Q1 
[  1] Utilization = 1.00 | pJ/Compute =   24.550 | L6[WIO] C4 M2 - L5[] C4 Q7 M16 M16Y C16X - L4[W] C2 R3 P7 - L3[] P2 S3 - L2[W] Q2 - L1[I] Q1 - L0[O] Q1 
[  1] Utilization = 1.00 | pJ/Compute =   24.137 | L6[WIO] C4 M2 - L5[] C4 Q7 M16 M16Y C16X - L4[W] C2 R3 P7 - L3[W] P2 S3 - L2[W] Q2 - L1[I] Q1 - L0[O] Q1 
[  2] Utilization = 1.00 | pJ/Compute =   24.137 | L6[WIO] C4 M2 - L5[] C8 Q7 M16 M16Y C16X - L4[W] R3 P7 - L3[W] P2 S3 - L2[W] Q2 - L1[I] Q1 - L0[O] Q1 
[  7] Utilization = 1.00 | pJ/Compute =   20.258 | L6[WIO] C8 M2 - L5[] M16 Q7 M16Y C16X - L4[W] C2 R3 P7 - L3[O] P2 C2 S3 - L2[W] Q2 - L1[I] Q1 - L0[O] Q1 
[  7] Utilization = 1.00 | pJ/Compute =   19.845 | L6[WIO] C8 M2 - L5[] M16 Q7 M16Y C16X - L4[W] C2 R3 P7 - L3[WO] P2 C2 S3 - L2[W] Q2 - L1[I] Q1 - L0[O] Q1 
[  0] Utilization = 1.00 | pJ/Compute =   22.317 | L6[WIO] M2 C4 - L5[] C4 Q7 M16 M16Y C16X - L4[W] R3 P7 - L3[O] P2 C2 S3 - L2[W] Q2 - L1[I] Q1 - L0[O] Q1 
[  0] Utilization = 1.00 | pJ/Compute =   21.904 | L6[WIO] M2 C4 - L5[] C4 Q7 M16 M16Y C16X - L4[W] R3 P7 - L3[WO] P2 C2 S3 - L2[W] Q2 - L1[I] Q1 - L0[O] Q1 
[  1] Utilization = 1.00 | pJ/Compute =   23.992 | L6[WIO] C4 M2 - L5[] C4 Q7 M16 M16Y C16X - L4[W] C2 R3 P7 - L3[O] P2 S3 - L2[W] Q2 - L1[I] Q1 - L0[O] Q1 
[  1] Utilization = 1.00 | pJ/Compute =   23.579 | L6[WIO] C4 M2 - L5[] C4 Q7 M16 M16Y C16X - L4[W] C2 R3 P7 - L3[WO] P2 S3 - L2[W] Q2 - L1[I] Q1 - L0[O] Q1 
[  2] Utilization = 1.00 | pJ/Compute =   23.992 | L6[WIO] C4 M2 - L5[] C8 Q7 M16 M16Y C16X - L4[W] R3 P7 - L3[O] P2 S3 - L2[W] Q2 - L1[I] Q1 - L0[O] Q1 
[  2] Utilization = 1.00 | pJ/Compute =   23.579 | L6[WIO] C4 M2 - L5[] C8 Q7 M16 M16Y C16X - L4[W] R3 P7 - L3[WO] P2 S3 - L2[W] Q2 - L1[I] Q1 - L0[O] Q1 
[  3] Utilization = 1.00 | pJ/Compute =   20.678 | L6[WIO] C4 - L5[] C2 M8 M16Y C16X - L4[W] S3 P14 - L3[] M4 C4 R3 - L2[W] Q14 - L1[I] Q1 - L0[O] Q1 
[  3] Utilization = 1.00 | pJ/Compute =   20.619 | L6[WIO] C4 - L5[] C2 M8 M16Y C16X - L4[W] S3 P14 - L3[W] M4 C4 R3 - L2[W] Q14 - L1[I] Q1 - L0[O] Q1 
[  3] Utilization = 1.00 | pJ/Compute =   19.304 | L6[WIO] C4 - L5[] C2 M8 M16Y C16X - L4[W] S3 P14 - L3[I] M4 C4 R3 - L2[W] Q14 - L1[I] Q1 - L0[O] Q1 
[  3] Utilization = 1.00 | pJ/Compute =   19.245 | L6[WIO] C4 - L5[] C2 M8 M16Y C16X - L4[W] S3 P14 - L3[WI] M4 C4 R3 - L2[W] Q14 - L1[I] Q1 - L0[O] Q1 
[  1] Utilization = 1.00 | pJ/Compute =   21.875 | L6[WIO] C4 M2 - L5[O] C4 Q7 M16 M16Y C16X - L4[W] C2 R3 P7 - L3[O] P2 S3 - L2[W] Q2 - L1[I] Q1 - L0[O] Q1 
[  1] Utilization = 1.00 | pJ/Compute =   21.462 | L6[WIO] C4 M2 - L5[O] C4 Q7 M16 M16Y C16X - L4[W] C2 R3 P7 - L3[WO] P2 S3 - L2[W] Q2 - L1[I] Q1 - L0[O] Q1 
[  0] Utilization = 1.00 | pJ/Compute =   21.227 | L6[WIO] M2 C4 - L5[O] C4 Q7 M16 M16Y C16X - L4[W] R3 P7 - L3[O] P2 C2 S3 - L2[W] Q2 - L1[I] Q1 - L0[O] Q1 
[  0] Utilization = 1.00 | pJ/Compute =   20.814 | L6[WIO] M2 C4 - L5[O] C4 Q7 M16 M16Y C16X - L4[W] R3 P7 - L3[WO] P2 C2 S3 - L2[W] Q2 - L1[I] Q1 - L0[O] Q1 
Interrupt caught. Mapper threads will terminate after completing any ongoing evaluations.
[  6] STATEMENT: global termination flag activated, terminating search.
[  4] STATEMENT: global termination flag activated, terminating search.
[  3] Utilization = 1.00 | pJ/Compute =   19.006 | L6[WIO] C4 - L5[I] C2 M8 M16Y C16X - L4[W] S3 P14 - L3[I] M4 C4 R3 - L2[W] Q14 - L1[I] Q1 - L0[O] Q1 
[  5] STATEMENT: global termination flag activated, terminating search.
[  7] STATEMENT: global termination flag activated, terminating search.
[  3] STATEMENT: global termination flag activated, terminating search.
[  0] STATEMENT: global termination flag activated, terminating search.
[  2] STATEMENT: global termination flag activated, terminating search.
[  1] STATEMENT: global termination flag activated, terminating search.
